"contact-area-rfile"
"Time Step" "contact-area etc.."
("Time Step" "contact-area" "flow-time")
0 3.446366500769804e-05 0
312 0.0001027579046238762 0.01000045100972651
463 0.0001359447654171052 0.02002678460959477
576 0.0001709893532080108 0.03005071861652367
680 0.0002080045727770522 0.04007955049236394
793 0.0002412044862907769 0.05000196899844921
903 0.0002779369952231722 0.06004055260863987
1010 0.000316379833233732 0.07006835871075789
1109 0.0003576116424064058 0.08000021716673379
1210 0.000415642494544648 0.09001534134310328
1317 0.0005229030987136593 0.100062684284154
1518 0.0005460445035510998 0.1100199862984758
1835 0.000587540061771003 0.1200173083898366
2120 0.0006429204514039166 0.1300332776719967
2317 0.000723491897911435 0.1400123539694109
2522 0.0008184428405749009 0.1499970517146156
2773 0.000924648413101115 0.1600332848766669
3079 0.001036207190165707 0.1700201759902044
3415 0.00113831915959126 0.1800095557235678
3818 0.001242571521996774 0.1900065669727774
4204 0.001336169071194025 0.1999984600712396
4629 0.001423754852184202 0.2100071916945963
5126 0.001496161787663878 0.2200063795491206
5645 0.001547142494006645 0.2300130206460332
6273 0.001585365065797182 0.2400111709264602
6904 0.001616507776875341 0.2500090011134241
7716 0.00160231809293972 0.2599998684833576
8653 0.00151407060254439 0.2700002149373937
9744 0.001469310497642956 0.2799999489932128
10784 0.001462412817722854 0.2900060021881056
11524 0.001468561722668661 0.3000075686139103
12393 0.001476349330672698 0.3100073051025535
13409 0.001485377819880543 0.3200069621654578
14224 0.001495335491662113 0.3299988094864085
15180 0.001502407598420575 0.3400015539641559
16121 0.001507151376800162 0.3500052904958816
17017 0.001510832997685109 0.3600049287607847
17821 0.001513801510727165 0.3700040441081131
18682 0.001516895593840035 0.3800044957900307
19541 0.001519876264675801 0.3900000624138576
20456 0.001525604318472742 0.4000015314726382
21378 0.001529032221167593 0.4100024271040061
22399 0.001533464581807124 0.4200027620843202
23437 0.001541142697377025 0.4299995634495898
24518 0.001545489581676039 0.4400013884196506
25621 0.001549927631126044 0.4500090312598207
26710 0.001553470475192711 0.4599997577605449
27727 0.001557369799532766 0.4700046391705524
28588 0.001559667165904477 0.4800035803568398
29511 0.001562545491962235 0.4900031150353059
30593 0.001563669728082703 0.5000062656126792
31677 0.001566185394989911 0.5100018677300526
32620 0.001568426565270053 0.5200099232303369
33569 0.001571005982509187 0.5300026873246662
34524 0.001573525404746325 0.5400059952498972
35483 0.001574127728671634 0.5499990443806122
36503 0.001576775094719405 0.5600066366997717
37547 0.001579460147618955 0.5700011469386665
38613 0.001581788226851139 0.579999715319474
39727 0.001583520061068081 0.5900060441864706
40843 0.001585254175664277 0.6000073687640538
41958 0.001587782886952814 0.6100022167251264
43073 0.001586465007739351 0.6200057685026592
44187 0.001587100648363155 0.630007826152258
45127 0.001589067363290671 0.6400002445327762
46117 0.001587775503009479 0.6500062362029583
47084 0.001586750770991826 0.6600051186024266
48063 0.001585881141725577 0.6700062615796657
49035 0.001584018749956942 0.6800012660593771
50037 0.0015834644833649 0.6899992880266904
50924 0.001585015543792104 0.7000066412284736
51842 0.001583742572237531 0.7100088472606164
52761 0.001584522978706336 0.7200040842566615
53731 0.001585974967323797 0.7300020908479735
54689 0.001589510987749916 0.7400026617316753
55722 0.001591286786394451 0.7500042222445549
56766 0.001593491852312937 0.7600027057312272
57801 0.001595928656353091 0.7700082102875065
58857 0.001599141270647485 0.7800043964953899
59946 0.001601886067292662 0.7900043953090794
61032 0.001602183394193364 0.8000081363779344
62118 0.001603973519050892 0.8100042020843434
63206 0.001605591126599728 0.8200058578299002
64279 0.00160662716271614 0.8300012839567603
65349 0.001607396907109547 0.8400047813930059
66434 0.001607877863590649 0.8500038639385207
67564 0.00160875665808385 0.8600067419271399
68666 0.001610801218289978 0.8700023696682162
69787 0.001611461023472593 0.8800060863582019
70913 0.001613618878652407 0.8900049598790457
72078 0.001614818586327377 0.900003689176415
73323 0.001615958596181587 0.9100026414162357
74540 0.00161654534884492 0.9200028371280415
75748 0.001619015805404186 0.9300002374943095
76957 0.001621867687080173 0.9399995765397576
78168 0.001625105861771219 0.9500061487821764
79377 0.001626666324986258 0.9600039310858413
80595 0.001629959218237676 0.970001394294805
81727 0.001632987146909484 0.9800076075943357
82805 0.001635992641493314 0.9899996973278362
83927 0.001638079290504542 1.000007370512301
85041 0.001640194908488222 1.010004843676423
86146 0.001640642501518417 1.020006380400369
87220 0.001642838890804784 1.030003590228293
88300 0.001643304381119762 1.040000814936817
89377 0.001644840959414581 1.050000794479855
90482 0.001643959628161062 1.060003744829639
91592 0.001642910057004702 1.069999762279116
92736 0.00164094845790385 1.080001084439176
93871 0.001639030310404302 1.090004201013302
95002 0.001637256853661893 1.10000298462319
96140 0.001635233150915829 1.110000379384647
97281 0.001633620409099033 1.12000101498435
98419 0.001630402101203774 1.130000597269749
99556 0.001627765462230381 1.140003869598923
100696 0.00162639266594969 1.150000688193995
101832 0.001622942205482905 1.16000372702835
102969 0.001620508221402527 1.169999676624187
104100 0.001617823970233036 1.180006694085982
105231 0.001615111779917325 1.19000151715962
106370 0.001610806777032892 1.200007331326121
107513 0.001609429039288886 1.21000518026838
108657 0.001607107236824594 1.220007442691194
109778 0.001605578044324027 1.230007673699746
110866 0.001602991532706114 1.240008294704301
111989 0.001601907336166222 1.250002867086196
113105 0.001600552120523892 1.260006089270515
114213 0.001599257592845167 1.270001508552577
115323 0.001599374341725461 1.280008567195898
116432 0.001599480908413175 1.290007861933708
117534 0.001597453321220938 1.300002885226572
118636 0.001596527894214103 1.310002004478132
119733 0.00159740793832371 1.320001817509947
120838 0.001598232728814085 1.33000642829038
121860 0.001601107404793506 1.340001176820607
122879 0.001602303532031357 1.350002756327323
123895 0.001604576944586138 1.360003462154421
124912 0.0016041526062117 1.370007916522752
125939 0.001603071178876873 1.38000472368665
126956 0.001604945766841361 1.390001975671744
127969 0.001604575990718385 1.400003749245101
128989 0.001603804226571621 1.410005678001053
130006 0.001605400057567421 1.420004538442013
131024 0.001605269373723848 1.430005070457472
132052 0.001604856820845571 1.440002051443507
133087 0.001603985917003993 1.450001642595143
134124 0.001604570572156382 1.460005759995797
135166 0.001604531393365885 1.470009534219237
136206 0.001605602573694229 1.480007483285748
137251 0.001607400035612677 1.490003385797354
138295 0.001607278396534467 1.5
