"v-frac-water-rfile"
"Time Step" "v-frac-water etc.."
("Time Step" "v-frac-water" "flow-time")
0 0 0
344 0.03453720081569823 0.0100133162083186
490 0.04325993323227518 0.0199974653123386
603 0.05379632581128185 0.03005073001791381
718 0.06917698657400151 0.04003030882521287
838 0.08374222750596567 0.05000525478276222
949 0.09891195846643104 0.06003533557673808
1052 0.115360548102367 0.07007893466802846
1182 0.1331771610173255 0.08001311857805991
1464 0.152767429876734 0.09001090068152685
1751 0.1736994589078875 0.1000159385025629
2003 0.1980052607632329 0.1100700754770403
2182 0.2270173751423182 0.1200602270226614
2421 0.2600921661883819 0.1300131135777372
2689 0.2973746600148617 0.1400011432312533
2993 0.3383951299528906 0.1500074804207837
3307 0.3818888084901543 0.1600169839369198
3633 0.4257929940379152 0.1700140572881907
3988 0.4680847588061955 0.1800165839337107
4363 0.5077697908792912 0.1900220566849447
4680 0.5443650414043332 0.2000119077292511
5025 0.5768164782293669 0.2100091007002933
5429 0.6042486895267039 0.2200122847639759
5965 0.6255801596948316 0.2299992867788371
6704 0.6360893184556685 0.2400069610600683
7469 0.5940483723116877 0.2500067688178119
8175 0.5728067423082573 0.2600122253866978
8878 0.572057534765807 0.2700045695084897
9586 0.5726373631064028 0.2800105968729542
10291 0.573510460245129 0.2900054337545352
11001 0.574730259505287 0.3000001015957751
11740 0.5770174771388427 0.3099998907720579
12510 0.5795646025992788 0.3199988319130915
13308 0.5821875998783264 0.3300086545413392
14074 0.5837392137692973 0.3399995628076439
14779 0.5844955526595484 0.3500072803476949
15570 0.5854317678662488 0.360000424473806
16599 0.5865010723133064 0.3699995615655166
17637 0.5870540102238081 0.3800001629983637
18731 0.5880332450787948 0.3900011704697091
19820 0.5892950688668406 0.4000088848745215
20937 0.590600903362333 0.4100048630559823
22089 0.5920051817572751 0.4200047397284669
23211 0.5932490612567455 0.430005892620221
24038 0.5944525646599924 0.4400046007090113
24864 0.5954295127262085 0.4500084714460457
25701 0.5962462656593793 0.4600050997997477
26574 0.5968818745412965 0.4700072663537173
27458 0.5976388672052272 0.4800015665469657
28364 0.5984564859685477 0.4900058347616322
29343 0.5994534954364353 0.5000099233075281
30329 0.6003831846207514 0.5100002730184132
31321 0.6014345073678353 0.5200003627825028
32311 0.6020883841635849 0.5300093102876894
33304 0.6028351365301576 0.5400065143411708
34312 0.6034401901833969 0.5500020272566918
35310 0.6035094163145847 0.5600008130703518
36313 0.6038166236079353 0.5700088196008249
37325 0.6045803719305535 0.5800086970313854
38332 0.6056999438130135 0.5899992446432116
39342 0.6064643353199717 0.6000009016290462
40350 0.606905212543584 0.6100009995577796
41354 0.6076998154773425 0.6200025819191689
42272 0.6086504851525201 0.630009446940899
43146 0.6098273921558681 0.6400016283021961
44003 0.6109887173395228 0.6500012781329673
44859 0.6117467076178204 0.6600099483313709
45719 0.6125686150727422 0.6700024521697474
46610 0.6135073325515941 0.6800060973670043
47496 0.6146873643359813 0.6900090022235669
48411 0.6156375458246731 0.700005473094565
49469 0.6163467148788113 0.7100056488688141
50573 0.6168474268913079 0.7200032249536088
51635 0.6174320638539429 0.7300014885993831
52540 0.6182452242631952 0.740005328485557
53429 0.6185636780791182 0.7500025019328401
54321 0.6186225025360989 0.7600052970808546
55241 0.6188667086949555 0.7700015629934936
56185 0.6192445896588107 0.7800025543202607
57092 0.6194706931365397 0.7900046405602449
58001 0.6200259972044001 0.8000051579843792
59006 0.6206909010134217 0.8100025156141198
60023 0.6210216557105964 0.8199996711414288
61043 0.6212846950390544 0.8300078832889347
62060 0.6217803180883741 0.840006523884637
63079 0.6220726183488169 0.8500063544876871
64094 0.6223827313923699 0.8599991921748833
65099 0.6228282783311754 0.8700074865005212
66038 0.6232323613183726 0.8800024959681739
66983 0.6229819223364725 0.8900039924532751
67918 0.6225746143968799 0.9000084678592571
68856 0.6221834330138108 0.9100072048274158
69810 0.6222989999638633 0.9200069673658909
70786 0.6222607491482343 0.9300047688824866
71757 0.6219822449517739 0.9400048658836779
72729 0.6218959686601441 0.9500090481470947
73730 0.6218265907129409 0.9600029233365075
74793 0.6214869117329068 0.9700050647973001
75966 0.6214430504132635 0.9800021348092784
77159 0.6218775941537572 0.9900067703070776
78351 0.6222871870149449 1.000004709856724
79545 0.6221946803893187 1.010001194469339
80746 0.6223374136285742 1.020005629794564
81947 0.6227254963585948 1.030003685219395
83146 0.6233621437538504 1.039999721995766
84344 0.6239143891443326 1.050000976809535
85544 0.6241876822494118 1.060003018681399
86742 0.6248740358775414 1.070004724205836
87937 0.6254759423297556 1.080006221019288
89118 0.62612625803642 1.090004970761103
90317 0.6269753850979519 1.100001221748039
91545 0.6277091555876572 1.110002869817357
92774 0.6287427524778507 1.12000287523519
93691 0.6300181937738379 1.130002050519955
94507 0.6310412054447488 1.140008827024808
95325 0.6317702022890328 1.15000035773861
96155 0.6319957423504345 1.16000956154306
97003 0.6323104684087093 1.170007753653191
97858 0.6326265107322113 1.18000216515335
98717 0.6327798685544602 1.190008697979259
99577 0.6328233920043286 1.199999409735252
100445 0.6327023056082023 1.210005047237861
101336 0.6319078255986444 1.220006742728289
102237 0.6308325352076957 1.230000940511375
103145 0.6298777405801963 1.240003690508233
104074 0.6291045980389905 1.250007130918168
105083 0.628124829181306 1.260001272439791
106063 0.6275508071350653 1.270004776306649
107050 0.6271367220075404 1.280003585735086
108033 0.6266830887578968 1.290004132044795
108992 0.6267121342490387 1.300003127102644
109986 0.6268770892595719 1.310007938870464
111044 0.6268573235107137 1.320000006688812
112050 0.6272334127054144 1.330001535598418
113039 0.6278770835714534 1.340007937993
114028 0.6285013866145733 1.350003917054429
115044 0.628805888330694 1.360010401907691
116063 0.6294836663844607 1.370006076164954
117088 0.630044857100463 1.38000174744009
118105 0.6303538220110843 1.390006981064691
119136 0.6308251078841068 1.400006529886808
120104 0.6311573315439015 1.409999878736334
121072 0.6313040738835937 1.420006154704083
122040 0.6311608003492409 1.429999196653986
123010 0.6308735697644982 1.439999451807194
123980 0.6304744674446745 1.449999810521086
124957 0.6301832122653083 1.460009709907726
125925 0.6298265660352858 1.470000026236602
126895 0.6296190647583146 1.480002599846687
127866 0.6294090327282607 1.490006113934445
128853 0.6288089194458012 1.5
