"v-frac-water-rfile"
"Time Step" "v-frac-water etc.."
("Time Step" "v-frac-water" "flow-time")
0 0 0
326 0.03703337530184385 0.01002670139893089
471 0.04856466258518272 0.020061388652014
589 0.06109163225188634 0.03007355020931171
714 0.07762561374916135 0.04004792955796512
880 0.09539949636641518 0.05000375325085066
1052 0.1139263829046912 0.06005881659383915
1189 0.1345031537513534 0.070018618400083
1412 0.1570014037799848 0.0800215864035536
1647 0.1811806386102978 0.09002725303579355
1925 0.2089001563931321 0.1000475180875552
2168 0.2404383778643401 0.1099972411321272
2421 0.2767361446718892 0.1200198035724767
2754 0.3173991721039573 0.1300120626341389
3064 0.3624461568263567 0.1400079158678263
3416 0.4101358030151951 0.1500188533530178
3760 0.4603510925386759 0.1600301650678005
4088 0.5113129008611863 0.1700101138835774
4449 0.5608344137489581 0.1800157168934674
4816 0.6065942606518444 0.1900050711480722
5519 0.6478429746304439 0.2000064966422674
6269 0.6856896720772956 0.2100101275769275
7021 0.7170694086134712 0.2200034444332775
7755 0.7334026315134794 0.230007149777221
8696 0.7017444213627954 0.240002975164036
9469 0.6743721356788479 0.2500068301375402
10206 0.6757005082376036 0.2600112464280768
10942 0.682423827920831 0.2700028356397609
11685 0.687343515152982 0.2799995920424956
12468 0.6908877375722207 0.2900040947426488
13184 0.6935112230182586 0.3000056457138203
13875 0.6948825467020343 0.3100041257664891
14604 0.6958650156859459 0.3200094792262091
15364 0.6965650561556941 0.3300027980697282
16126 0.6974972708349829 0.3400088742280627
16893 0.6980624262950493 0.3500107218111577
17668 0.6984072096183445 0.360010231235158
18448 0.6986292537339023 0.3700066831222502
19239 0.6987656752695771 0.3800077848781812
20006 0.6992363945834472 0.3900041851403384
20834 0.6995385614674111 0.4000076347244953
21681 0.7000803179734464 0.4100096102530531
22525 0.7011323691088972 0.4200029666383338
23375 0.7024645044806666 0.4300107083680405
24297 0.7045326280475964 0.4400032808290914
25308 0.7069544024782703 0.4500052467671788
26293 0.7094642301941685 0.4600078144648225
27214 0.7115288126963519 0.4700054797472499
29043 0.714678137403962 0.4900009993375231
29969 0.7161493255329795 0.5000060649894784
30925 0.7169130079854369 0.5100006908598225
32974 0.7182117517959128 0.5300019768630453
34104 0.7191659137567282 0.5400038093998293
35233 0.7200810937465527 0.5500001067760717
36366 0.7209829535213247 0.560002963693345
37506 0.7219343851850819 0.5700021604171039
38582 0.7227411714717704 0.5800081866954072
39612 0.7238245536946506 0.5900093265843021
40648 0.7248342522106644 0.6000003176175671
41680 0.7257538708455562 0.6100005213186921
42626 0.727000412418901 0.6200011151297039
43566 0.728523953622125 0.6300058882015842
44605 0.729693190426263 0.6400027501290573
45731 0.7309134311382824 0.6500046854271464
46847 0.7321813629364222 0.6600058396302264
47918 0.7333930922852127 0.6700009853563489
49011 0.7346448300416492 0.6799998899283627
50120 0.7355979539195797 0.6900056798471518
51235 0.7365454810024723 0.7000017073020979
52336 0.7377277205922064 0.7100057515234477
53443 0.7386670351329494 0.7200018502240434
54559 0.7398957330712632 0.7300005495115295
55631 0.7416095084253028 0.7400003375979923
56709 0.7429841484346743 0.7499994504866759
57810 0.7447802008058734 0.7600063590033316
58883 0.7466120439762567 0.7700004421496384
59977 0.748437344235688 0.780007353260202
61082 0.7500906701369358 0.7900053561409415
62217 0.7519741114036405 0.800000865894669
63398 0.7535188654613573 0.8100001377210897
64563 0.7549072120019719 0.8199999884871629
65722 0.756419308117193 0.8300044556089985
66879 0.7577052439279348 0.840001555761379
68032 0.7585017240700975 0.8500060117101412
69184 0.759353076676757 0.860002540261956
70343 0.7604478965271589 0.8700064223307964
71507 0.7614304483657658 0.8799995647927767
72671 0.7628625117200805 0.8900063547743543
73840 0.7642334085518102 0.9000018172785782
75016 0.7655574645167152 0.9100006979922076
76201 0.7667999556561609 0.9200067082474181
77387 0.7680451295602984 0.9300069218741677
78575 0.7694498381273924 0.9400049501135073
79757 0.7705381087021222 0.9500067551717246
80923 0.7714372494617486 0.9599990891286045
82064 0.7724202912780727 0.9700087968651702
83203 0.7731461210217271 0.980003172941814
84361 0.773844535971834 0.9900039953414582
85501 0.7747130591063993 1.0000083465445
86604 0.7755419829230104 1.009999849219879
87706 0.7759484973955192 1.020005757311817
88813 0.7767266040286457 1.030009000527896
89913 0.7774849053947259 1.040000911850511
91014 0.7782231167648956 1.050002868783195
92122 0.7789660271004676 1.060008732523579
93222 0.7792919968500889 1.070003116157463
94324 0.7797081834373776 1.080000186140492
95437 0.7801619918941745 1.089999180893963
95438 0.7801623558767705 1.090006984093527
96583 0.7806329580050845 1.100001650620583
97750 0.7810167228360221 1.11000607866933
98870 0.7812729605616 1.120002080129009
100017 0.7812482684709678 1.13000696018092
101156 0.7814367629740951 1.140002075162693
102297 0.7819222939146526 1.150005101126989
103438 0.7824452357599477 1.160007188855533
104579 0.783033677360454 1.17000670827082
105722 0.7839270714257157 1.180004620766402
106872 0.7847876208440802 1.190001036180967
108000 0.7856992797029436 1.200005271786437
109085 0.7867080941762703 1.21000208773982
110197 0.7873861023217366 1.220007821643178
111303 0.7878609420767081 1.230000310782774
112411 0.7885467009077299 1.239999473077327
113523 0.7892964764088398 1.250008464992379
114594 0.7897261953245877 1.260001784701929
115616 0.7898209864069697 1.270005768508136
116629 0.7898351032970941 1.280006210676722
117652 0.789558974899063 1.290007286085636
118672 0.7897079121674602 1.300003918427487
119693 0.7899386763929542 1.31000626965628
120717 0.7900314943085359 1.320004587372924
121737 0.7900526676853978 1.330000848071068
122824 0.7900145570453901 1.340004030545164
123774 0.7904809529173916 1.350001930003133
124737 0.7909063257490154 1.360001914699452
125710 0.7910283350713887 1.369999981031921
126731 0.7911558783923154 1.380006791918358
127749 0.791142357677788 1.390005320409691
128773 0.7914247968176008 1.400001000812734
129805 0.7918333785621419 1.4100028530278
130819 0.7917359839441651 1.420006467291974
131830 0.7913375562047833 1.43000911768506
132878 0.7907531577642456 1.440005185600518
133852 0.7901518913349828 1.449999484945116
134815 0.7900771418317637 1.460004477251475
135784 0.790242837929664 1.4700027402253
136736 0.7899863052308719 1.480001193599936
137698 0.7900223608688567 1.490005320613808
138644 0.7898742268738319 1.5
