"v-frac-water-rfile"
"Time Step" "v-frac-water etc.."
("Time Step" "v-frac-water" "flow-time")
0 0 0
319 0.03992924531433878 0.01003634282622922
462 0.05507394203345474 0.02005473136600393
598 0.07100392926882632 0.03006397091474042
748 0.08945200278611819 0.04004724529908505
946 0.1101753635869695 0.05002258570937535
1226 0.1326050530121685 0.06002947745547225
1464 0.1567513489070627 0.07002939551653886
1680 0.1841127423540055 0.08002076959261364
1897 0.2149778100446048 0.09003853155387058
2131 0.2493441708283397 0.1000416927235232
2370 0.2879430904505516 0.1100363380901399
2705 0.3314188371926474 0.1199980184543332
3090 0.3794447943276996 0.1300162722143743
3446 0.4308431428597988 0.1400044727724215
3737 0.4857088082958332 0.1500277253321318
4114 0.54246928201749 0.1600103305869111
4448 0.6012057852240416 0.1700120944153678
4752 0.6593470631013142 0.1799992938285876
5163 0.7136706767527642 0.1899971394478509
5574 0.7616505390053974 0.2000218348417865
5965 0.8043977181942227 0.2100007824164406
6537 0.8293270199615668 0.2200111356289074
6944 0.8077174621386248 0.2300058295330481
7419 0.7918429514173813 0.2400137319795153
7959 0.7876772054697456 0.250014897058417
8595 0.7897432924226192 0.2600056670632252
9407 0.7951213119959066 0.2700001372663833
10239 0.8005148934606923 0.2800068942568981
11112 0.8055498096331108 0.2900016544876618
11986 0.8101138683440862 0.3000046758642761
12865 0.8139177575803173 0.3100078005394201
13753 0.8169522056033127 0.3200086003292972
14644 0.8195270826106386 0.3300013029348237
15543 0.8223144038506662 0.3400058061592246
16523 0.8251409726299899 0.3500056134954883
17440 0.8279928109240229 0.3600068283188074
18159 0.8305469909074906 0.3700108065503029
18841 0.8335354142252053 0.3800081212192391
19598 0.8367464738380349 0.3900008466140324
20447 0.8398668974451534 0.4000100045700883
21474 0.8427353088664081 0.41000755180099
22506 0.8455783273171433 0.4200136886470947
23274 0.8480704713830378 0.4300017213463762
24060 0.8506256651022207 0.4400004166956289
24857 0.8529920463138552 0.4500034914428586
25681 0.8549820050538417 0.4600067217006179
26618 0.8568357923721042 0.4700098572012368
27470 0.8585071416225671 0.4799999003042953
28402 0.860444878710253 0.4900038828849586
29348 0.8625629733498432 0.5000044293312285
30320 0.8643397777540099 0.5100072442339204
31410 0.8662130637321526 0.5200007803220479
32499 0.8684828001506737 0.530006980823579
33596 0.8710413786662519 0.5400048320784193
34701 0.8734294982996049 0.5500073272788738
35806 0.875865568680784 0.5600062194623706
36888 0.8781223797523517 0.5700054501738915
37963 0.880572098470321 0.5800038242471965
39030 0.8834729663898336 0.5900010898021967
40098 0.8860348733562954 0.6000089809282213
41166 0.8880487170774248 0.6100056721686761
42232 0.8902871183142228 0.6200059998265236
43320 0.8920857309587054 0.6299998553510355
44430 0.8939642390524497 0.640005814851816
45540 0.8955494982351926 0.6500034535030312
46677 0.8970527221936732 0.6599996992563755
47786 0.8985850468158455 0.6700025442972217
48875 0.9002777449145368 0.6800073127007945
49927 0.9018585582550083 0.6900021118705062
50967 0.9037396412701572 0.7000037351924433
51981 0.9057686102868318 0.7100034536666973
53009 0.9078608698585033 0.7200014760099805
54021 0.9098632966475042 0.7300024065614008
55117 0.911320741401779 0.7400071381446991
56298 0.9130154406506055 0.7500033566078618
57446 0.9146804315257995 0.7600006204627294
58582 0.9158142294928372 0.7700062808733775
59723 0.9172271651532068 0.7800059737885906
60855 0.9187550513739131 0.790004183626934
61992 0.9201637730859498 0.8000056160858195
63124 0.9219418925529559 0.8100041141146038
64214 0.9235779783742309 0.8200008168631465
65135 0.925044725372314 0.830009111834955
66102 0.9264192552011917 0.8399990543606121
66965 0.9276476636371023 0.8500075483765306
67733 0.9286680075863183 0.8599990325497342
68484 0.9293337735410157 0.8700093834397989
69241 0.9299214981506853 0.8800026315938754
69974 0.9304669942851347 0.8900018191377785
70778 0.9309619241929074 0.9000048842729772
71680 0.9316208357863054 0.9100100541236071
72622 0.9325081227040793 0.9200054255585846
73591 0.9332115055603858 0.9299990698726458
74545 0.9339818083737605 0.9399998096650386
75512 0.9349987084320938 0.9500059286499261
76514 0.9356579386115925 0.9600005622170743
77528 0.93650700812649 0.9700031344414207
78540 0.9373424545028867 0.9800043176075973
79553 0.9379780192809399 0.9899995951255763
80570 0.9384694642618322 1.000000401879002
81604 0.9392097770096723 1.009999684310873
82644 0.9400880555621461 1.020002755266501
83673 0.9406569010661081 1.03000421025114
84711 0.9413169739432478 1.040005661940179
85734 0.9420270528421938 1.049998863046999
85735 0.9420274463619905 1.050009201239514
86709 0.9428261646456756 1.060005813470246
87725 0.943723055996876 1.070004375900308
88847 0.9447021486722372 1.080007446721069
89806 0.9456767325914562 1.089999227539344
90738 0.9466557870804482 1.100002320944606
91725 0.9474135077756877 1.110006921987204
92769 0.9481419897653945 1.120001124811088
93860 0.9489517588738549 1.130001925102484
94988 0.9499545481235693 1.140000894893576
96104 0.9512529831795873 1.150004293631162
97165 0.9523780326207971 1.16000120545142
98227 0.9529954111951564 1.17000552027802
99213 0.9533327592810659 1.180000576172881
100267 0.9535701208831054 1.19000174833511
101338 0.9540945577781091 1.200008471841862
102415 0.9543364423592632 1.210007990873154
103540 0.9548803542067459 1.220001360705339
104558 0.955570370383482 1.230002580452752
105365 0.9564204107230677 1.240003958344466
106137 0.9574501608456309 1.250000059691204
107033 0.9582757074830355 1.260005423490096
108053 0.9587924919291662 1.270005194957546
109201 0.9592080330685805 1.279999678924163
110324 0.9595574189227136 1.290004443287425
111450 0.9599451806827843 1.299999762697584
112603 0.9604650320652131 1.3100028528861
113472 0.9609874843459782 1.320008061211904
114441 0.9617868077072089 1.330001212859331
115493 0.9621685658716973 1.340008623534447
116462 0.9624197720293253 1.350004043687561
117312 0.9621860938520934 1.359999227798167
118284 0.961735621552244 1.370000462608819
119251 0.9613199448980863 1.380009754590536
120095 0.9610996711517632 1.390006334125727
120988 0.9610142227697609 1.40000443475897
122000 0.9614441997170828 1.410006518876495
123017 0.9619477028752051 1.420007369098252
124082 0.9622516637007525 1.430003544256912
125233 0.9626621255484274 1.440002586337746
126368 0.9631412203039729 1.450006688767342
127497 0.963156293242514 1.4600035564022
128620 0.9636410293902697 1.470004594454582
129694 0.9645303009708821 1.480006479299522
130763 0.9652187956562486 1.490000986610654
131841 0.9654561903686985 1.5
