"v-frac-water-rfile"
"Time Step" "v-frac-water etc.."
("Time Step" "v-frac-water" "flow-time")
0 0 0
351 0.04411310991587509 0.01000676606144838
598 0.06521428751148359 0.02000619583266116
799 0.08849853790269178 0.03002243118215877
1031 0.1144708665199625 0.04002649796681544
1288 0.1425019100503356 0.05001158865764298
1588 0.1723284870395326 0.06000875117925213
1981 0.2047439232305442 0.07000165250457585
2289 0.2404305526691457 0.08000268194560732
2655 0.2805037855461945 0.08999840247252287
2999 0.3248871720767946 0.1000070416909773
3500 0.3724777671468605 0.1100024346375673
3894 0.423925976403662 0.120015441222923
4314 0.4790287440310265 0.1300171632646297
4662 0.5375107237531919 0.1400099453071076
4999 0.5987205159687965 0.1500008318425717
5403 0.6619480693007299 0.1600041549040224
5802 0.7277542975950851 0.1700126580394474
6108 0.7952847034309051 0.1800171835133113
6442 0.8617064374836876 0.1899976602772181
6905 0.9192060366885674 0.2000142915281201
7593 0.9368873226390294 0.2100112170905844
8267 0.9393347361840745 0.220014617047081
8813 0.9476133466186568 0.2300090101238757
9434 0.9569146674563589 0.2400145100522786
10002 0.9643795924099953 0.2500088598317985
10642 0.9691385766519334 0.2600111627936907
11296 0.9718884478276441 0.2700010471046772
11972 0.9740087422235764 0.2800107700036883
12616 0.9764291781301273 0.2900121126989658
13240 0.9784307165027887 0.3000129181589003
13898 0.9798706967355046 0.3100118924565657
14570 0.9813226952948295 0.3200088586785491
15242 0.9832927634086097 0.3300041062662333
15967 0.9853050536348942 0.3399991520657663
16980 0.9864627505903362 0.350005023847719
18062 0.9877173352831575 0.3600068226076506
19150 0.9891976598760961 0.3700050979108249
20258 0.99049993575569 0.3800034018075282
21370 0.9916588407452399 0.3900057697847638
22485 0.9928320424391811 0.4000034886465006
23606 0.9939943583285675 0.4100047033933002
24728 0.9947600748832792 0.420007260806377
25849 0.995430450785864 0.4300002333447653
26970 0.9962080534562626 0.4400052607618566
28090 0.9966406565785706 0.4500002608601191
29209 0.9971613261444384 0.4600031751893386
30328 0.9977038692710534 0.4700035263629102
31376 0.9983284778513266 0.4800087483142484
32024 0.9988610164956376 0.4900061390221818
32679 0.9993815735952205 0.5000118422923799
33333 0.9997371471782799 0.5100136533000572
33988 0.9999991251998597 0.5200113923724531
34640 0.9999995979719306 0.5300110470479211
35289 0.9999994525411789 0.540000209342361
35944 0.9999995173179304 0.5500008519267873
36594 0.9999996292293 0.5600051148330529
37231 0.9999997111853195 0.5700073705012522
37871 0.9999996818710335 0.5800141845924814
38506 0.9999996301658564 0.5900139026239919
39130 0.9999996016799694 0.600013184534041
39761 0.9999995906051418 0.6100091368218681
40381 0.9999994654803354 0.6200026984933091
41010 0.9999996332961334 0.6300042372723933
41667 0.9999995138818838 0.6399988295421407
42378 0.999999662847914 0.650003979445136
43061 0.9999995041896301 0.6600025807564891
43582 0.9999996609530403 0.6700166751153264
44046 0.9999996151389371 0.6800017389507902
44515 0.9999996080980577 0.6900219022958689
44988 0.999999781541503 0.7000039074995605
45518 0.9999995352955694 0.7100095606090223
46066 0.999999760446572 0.720009691299117
46611 0.9999993300417807 0.7300017200610596
47158 0.9999997611641099 0.740004887313242
47705 0.9999997934841426 0.7500103646583581
48257 0.9999996499947712 0.7600012208648753
48818 0.9999996152670462 0.7700062596719672
49377 0.9999996836796163 0.7800027864856897
49938 0.9999994018037259 0.790003530701605
50510 0.9999996993724636 0.8000130267474
51078 0.9999998060690567 0.8100102184056287
51662 0.9999998034093185 0.8200074765179886
52236 0.9999997756783143 0.8300097647621265
52811 0.9999993790994526 0.8400150699896528
53392 0.9999995786984109 0.8500072972220201
53976 0.999999496251427 0.85999849432935
53977 0.9999997463883946 0.8600134595511341
54562 0.9999996502145512 0.8700138696639632
55149 0.9999995942656349 0.8800045580125455
55739 0.9999988632497676 0.8900137991902564
56313 0.9999989102056246 0.9000027375924311
56901 0.9999987969787743 0.9100004600045883
57486 0.9999988846438252 0.9200028810577492
58080 0.9999989614102759 0.9300083994073837
58657 0.9999988884389612 0.940001328485194
59234 0.9999989225780161 0.9500157667592654
59807 0.9999992462295803 0.9600108840480439
60389 0.9999990477801634 0.9700070717684706
60972 0.9999990349662227 0.9800063026379133
61573 0.9999987843534248 0.9900075909072558
62149 0.9999984059647046 1.000003034231211
62729 0.9999985349948645 1.010008602380126
63313 0.9999985210757683 1.020014435838277
63898 0.9999986932147903 1.030002167105488
64488 0.9999987518438259 1.039999194478481
65082 0.9999992560339159 1.050006740975502
65659 0.9999990959564694 1.06000296993652
66252 0.9999990463132616 1.070009720547155
66834 0.9999992671380994 1.080004652963898
67412 0.9999991469599637 1.090000574560588
68002 0.9999988984682531 1.100000618997568
68599 0.9999992137275104 1.110003516018443
69197 0.9999988619177024 1.120001247572596
69789 0.9999992677991916 1.130011593703057
70384 0.999999173981715 1.1400010965595
70998 0.9999992551176482 1.150010136066143
71593 0.9999992925042637 1.16001609703073
72190 0.9999990477473703 1.170013675434213
73375 0.9999993016260444 1.190000284948826
73971 0.9999990484953272 1.200009739626165
74562 0.9999994340913823 1.210005503077645
75153 0.9999992990011435 1.220002022591725
75738 0.9999990431468404 1.230006349133469
76328 0.9999994066282971 1.240014845834009
76931 0.9999991525236972 1.249998927917498
77531 0.9999993144594417 1.26001115421439
78128 0.9999994196851943 1.270010133652433
78720 0.9999993501012584 1.280012976154024
79304 0.9999988890141019 1.290004664549457
79902 0.999999126170229 1.300007761625902
80496 0.9999991452061733 1.310011858456578
81082 0.9999993525152512 1.320006058006618
81664 0.9999993176886059 1.330014411868988
82259 0.9999993633754417 1.340003508306524
82843 0.9999990640122112 1.350015052098889
83425 0.9999993327526785 1.360010492524967
84009 0.9999992412192347 1.369999581280936
84611 0.9999992285361726 1.379998902973452
85193 0.9999989954869991 1.39000389374316
85774 0.9999992928818131 1.399998481343294
86358 0.9999992395186539 1.41000115975409
86949 0.9999993670254638 1.420004602343912
87539 0.9999993834306777 1.430002492678401
88130 0.9999992782151738 1.440013150303403
88710 0.9999991696108268 1.450013042971276
89300 0.9999991320345558 1.460007430099846
90512 0.9999990918371809 1.480001773830404
91190 0.9999991445829938 1.490005476603494
91877 0.9999991225212408 1.5
