"v-frac-water-rfile"
"Time Step" "v-frac-water etc.."
("Time Step" "v-frac-water" "flow-time")
0 0 0
331 0.04885051710544996 0.01003535927456758
596 0.07600463308102273 0.02000803458164276
844 0.1080380133285252 0.03000134838914435
1077 0.1421183520084391 0.04001518079765263
1507 0.1769213303142019 0.05000558546410593
2040 0.2127667665499158 0.06001086753006581
2445 0.2522369256117655 0.07001190399902306
3043 0.2961970641825404 0.08001369704750086
3478 0.343959316033016 0.09000820557299728
3943 0.3949158340047527 0.1000054976678267
4371 0.4490314588315776 0.1099991029155577
4805 0.5065639310877922 0.1200107652220536
5236 0.5672040331535309 0.1300096778544337
5744 0.6306498992844582 0.1399981911981948
6202 0.697229177787258 0.1500196409878296
6683 0.7658690940436941 0.160004655344593
7148 0.8366680593190328 0.1699993094712873
7660 0.9092988489762174 0.1800082558471411
8125 0.9701729134442014 0.1900009432108482
8614 0.9937112330548039 0.2000133983299892
9419 0.9999995766516717 0.2100217383417353
9887 0.9999997698035302 0.2200120343697634
10474 0.9999998349607659 0.2300032455987972
11158 0.9999998173452276 0.2400037917156845
11833 0.9999998125892091 0.2499996411506538
12519 0.9999997360344536 0.26000026167814
13194 0.9999996909459341 0.2700082681812722
13901 0.9999998474191341 0.2800014904188944
14591 0.9999996940017648 0.2900090212906705
15314 0.9999996176618136 0.3000056178346419
16080 0.999999624694503 0.3100039741033672
16909 0.9999994477520836 0.320005835040066
17789 0.9999995117413764 0.3300079521803594
18671 0.9999992675566324 0.3400004101518441
19537 0.9999995747485123 0.3500075966065516
20415 0.9999991655052212 0.3600103918857617
21298 0.999999162843685 0.3700109902833582
22179 0.9999994237697262 0.3800074000593428
23057 0.9999990536001477 0.390000014631919
23938 0.9999993213451028 0.4000032556198689
24822 0.9999993568648979 0.4100043015694477
25703 0.9999990959224702 0.4200023232147057
26584 0.9999994743337883 0.4300055532298911
27463 0.9999994843655557 0.4400006922582196
28364 0.9999994155489355 0.4500077397170536
29469 0.9999979592022649 0.4599992927202058
30619 0.9999978614608388 0.4699996635066426
31770 0.99999775471843 0.4800011217322072
32921 0.9999977456895377 0.4900055267855711
34077 0.999997520470292 0.5000013569552376
35229 0.9999977005401041 0.5100013085706495
36383 0.999997702596338 0.5200057551268876
37537 0.9999977836514069 0.5300058263521111
38690 0.9999978359369113 0.539999992584878
39844 0.9999977388275973 0.550004966457774
41002 0.9999977300700384 0.5600072526237575
42171 0.9999976864429649 0.5699998851239949
43343 0.9999975347347766 0.580008523886547
44512 0.9999978704483623 0.5900042166526831
45685 0.9999980024706827 0.5999992603982599
46858 0.9999975848196215 0.6100052045801264
48034 0.9999978218426974 0.6199990944264079
48035 0.9999977707353948 0.6200076772082393
49208 0.9999978108946702 0.63000057684898
50392 0.9999979427182083 0.6400047526978107
51576 0.9999979290265247 0.6500023885559971
52760 0.9999978587807937 0.6599998263914237
53945 0.9999974949913359 0.6700078081288758
55128 0.9999980459854736 0.6800002923677663
56232 0.9999992486358156 0.6900045976184092
57162 0.9999992480696429 0.7000038675067161
58092 0.9999992318550555 0.7100069967255326
59030 0.9999991978899472 0.7200031484557785
59969 0.9999990587469569 0.7300078464610131
60912 0.9999989646397801 0.740003526854091
61850 0.9999987802335365 0.7500085987380706
62784 0.9999994441407817 0.760007015798398
63716 0.9999992425158356 0.7700079686882859
64645 0.999999276616215 0.7800041897248725
65578 0.9999992974372871 0.7900071200691173
66514 0.9999990914768894 0.8000063228595857
67445 0.9999978964848176 0.8100007255568762
68380 0.999997809463897 0.8200071670286909
69318 0.9999978299378729 0.830000711440081
70257 0.9999974490439099 0.8400049222441792
71199 0.9999976876731645 0.8500065082620403
72135 0.9999974315765023 0.8600005150117181
73072 0.9999973589631425 0.8700022305995462
74008 0.99999769638656 0.8800104354372121
74943 0.9999975134203644 0.8900024465765493
75872 0.9999975790455841 0.9000051860562018
76807 0.9999977149196106 0.9100026397759401
77739 0.9999976192615279 0.9200067470209836
78672 0.9999977045177473 0.930000441229756
79604 0.9999978726616711 0.9400034056901007
80535 0.9999975425551886 0.9500004020652177
81467 0.9999976429369885 0.960001822986666
82398 0.9999976606695947 0.9700039805570385
83327 0.9999973959888598 0.9800036835647903
84261 0.9999972898112653 0.9900077786051567
85192 0.9999965012807646 1.000007056600897
86122 0.9999965630874644 1.010002260941258
87054 0.9999965456385413 1.02000961034006
87984 0.9999967532549356 1.030008592783479
88913 0.99999662468088 1.040000101319879
89845 0.9999964961205403 1.050004964398165
90774 0.9999963727048958 1.060004270683166
91704 0.9999962978664442 1.070000097674939
92636 0.9999962228841577 1.080004874026517
93566 0.9999960699077718 1.090000339693261
94498 0.9999962286480164 1.100001844927093
95431 0.9999964615344953 1.11000482497089
96363 0.999996400730369 1.120001604449545
97294 0.9999964777024318 1.130007777395
98224 0.9999965597066739 1.139999867618442
99155 0.999996489497462 1.150004016638846
100088 0.9999964775323601 1.160006519908512
101022 0.9999966163180379 1.170002621534827
101961 0.9999963839512265 1.180001387367101
102898 0.9999964917858344 1.190006112139138
103830 0.9999967182519753 1.200003878450635
104760 0.9999965644150177 1.210007005631294
105692 0.9999965436695458 1.219999141646427
106627 0.999996491172975 1.230006624667797
107557 0.9999962832727225 1.240003514496405
108498 0.9999962267952242 1.250008627939787
109438 0.9999964407794643 1.260001281074802
110381 0.9999966383885009 1.270003494590795
111325 0.9999967508768211 1.280000497288486
112266 0.9999966149138854 1.28999947233268
113206 0.999996640743515 1.300009870362298
114145 0.9999965025398366 1.310011181545195
115084 0.9999965849157056 1.320009325864118
116028 0.9999966995173343 1.330000548247116
116971 0.999996557553249 1.340005923651208
117918 0.9999965766707182 1.350006898519333
118897 0.9999965410106966 1.360006910662183
119831 0.9999957627183566 1.370007391117735
120761 0.99999550912372 1.380008469062063
122631 0.9999956509626264 1.400007206959003
123560 0.9999954406379429 1.410000165331885
124493 0.9999957884115858 1.420000215131719
125429 0.9999959629559245 1.430002985905001
126374 0.9999958089754318 1.440002564024976
127309 0.9999955077534746 1.450001735003576
128244 0.9999960465602462 1.4600085199987
129181 0.9999959390354722 1.470001728713797
130114 0.999995740449833 1.480001420433715
131054 0.9999958326146983 1.490011404672429
131988 0.9999958204350456 1.5
