"v-frac-water-rfile"
"Time Step" "v-frac-water etc.."
("Time Step" "v-frac-water" "flow-time")
0 0 0
333 0.05175801409299815 0.009997839553268342
581 0.08303763072561898 0.02000278627954341
1012 0.1186245919728389 0.03001761598379905
1401 0.1551681257215554 0.0400232890559812
1799 0.1933321182780397 0.04999906341455185
2240 0.2340990889016002 0.06000683914546114
2675 0.2788525552262456 0.07002158776964097
3127 0.3273873049207575 0.08001265454721494
3540 0.3793517777687067 0.09001274669229857
3953 0.4343807373118523 0.1000188738267593
4372 0.4926968111286057 0.110011845718686
4819 0.5543214581006228 0.1200142325426822
5239 0.6190424078092921 0.1300111004007509
5685 0.6868396782848758 0.1400165118742444
6105 0.7573950289866518 0.1500105783912949
6570 0.8303490362983743 0.1599988530104054
7040 0.9057533006892854 0.1700174281034956
7627 0.9763178357839527 0.1800010510252923
8231 0.9977942096686067 0.1900018960186259
9078 0.99999824275795 0.2000143210865355
9693 0.9999982077141313 0.2100115990064559
10331 0.9999981922548428 0.2200064966970719
10953 0.999998200162829 0.2300064677044801
11624 0.9999982103012562 0.2400053415664723
12284 0.9999981999677378 0.2500127810821898
12940 0.9999988862705183 0.2600014506200219
13594 0.9999988934893773 0.2699996650997578
14238 0.9999989067337882 0.2800131543240544
14890 0.9999989188973346 0.2900027414625583
15566 0.9999988650133631 0.3000039544586169
16249 0.9999988995953786 0.3100080583735069
16911 0.999998922823099 0.3200033209174277
17554 0.9999989572151836 0.3300016008782344
18206 0.9999989585944238 0.3400002821703245
18843 0.9999989593297638 0.3500122533439579
19477 0.9999989646187001 0.360010536889742
20106 0.9999986880243068 0.3700144605499154
20719 0.9999987148063689 0.3800119614183652
21343 0.9999987796705631 0.3899991252955616
21964 0.9999987855865683 0.4000019725368874
22611 0.9999987421808099 0.4100009365141188
23231 0.999998704779816 0.4200023834313785
23839 0.9999985939361615 0.430007147966134
24456 0.9999987914082765 0.4400010524792518
25079 0.9999986768560215 0.4500089047293544
25714 0.9999986399788426 0.4600066070099056
26334 0.9999987518149639 0.4700082778577414
26952 0.9999985979625314 0.4800088146389588
27571 0.9999987470859177 0.4900143830649004
28204 0.9999986233907119 0.5000016176413616
28851 0.9999982514037997 0.5100120556953959
29485 0.9999983443780472 0.5200020088868872
30124 0.9999983408753572 0.5300083208759263
30767 0.9999984245698365 0.5400077645386041
31402 0.9999984240295985 0.5500025025229981
32036 0.9999985369744219 0.5600104214712199
32675 0.9999984440741684 0.5699997853452418
33340 0.9999985649328763 0.5799989459302775
33984 0.9999983446604171 0.5900024300613205
34579 0.9999983865613856 0.6000097877386024
35178 0.9999983448536153 0.6099991658021087
35775 0.9999986133202312 0.6200010616063479
36363 0.9999987371315597 0.6300103244742576
36966 0.9999987790077568 0.6400093154791361
37546 0.9999983445737098 0.6500156363563185
38118 0.9999987286205725 0.6600018512072342
38699 0.9999987313537971 0.6700138895313855
39271 0.9999986709225809 0.6799998391754363
39895 0.999998643301795 0.6900103912256895
40492 0.9999987434187372 0.700009635587571
41101 0.9999987382082888 0.7100067201596546
41717 0.9999986776937611 0.7199991755047183
42316 0.999998525034284 0.7300034819153419
42910 0.9999986775328589 0.7400119466231817
43523 0.9999985527889229 0.7500070116567064
44122 0.9999986234718237 0.7600090124082838
44757 0.9999986101141245 0.7700001303629656
45380 0.9999986658503616 0.7800015108785381
46021 0.9999985485387221 0.7900111784714368
46666 0.9999983702360723 0.8000063337216865
47323 0.9999980027041412 0.8100053024277623
47970 0.9999982661128393 0.8200014963480772
48638 0.9999979820647368 0.8300016612304829
49233 0.9999979663598998 0.8400008358653018
50027 0.9999974733930886 0.8500081531244218
50836 0.9999976391089005 0.8600109616062309
51660 0.9999973699407514 0.8700081800309338
52442 0.9999975886539766 0.8800106080250015
53230 0.9999977888448754 0.8900117508156219
54038 0.9999978237373844 0.9000053040302445
54811 0.9999980388210988 0.9100088015833184
55605 0.9999978937073589 0.9200071931876319
56398 0.9999976969822575 0.930008277197523
57187 0.9999980280318959 0.9400037909231564
57963 0.9999981793275816 0.9500014524182092
58743 0.9999981444528617 0.9600116447974517
59546 0.9999974626116557 0.9700097023396069
60360 0.9999977664825346 0.9800056376996306
61214 0.999997386661312 0.9900076835069141
62069 0.9999969604012109 1.000007768864435
62927 0.9999967065450237 1.01000623232418
63806 0.9999969412902474 1.020004116736297
64680 0.9999966008636214 1.030001972386508
65540 0.99999682455005 1.04000061673039
66405 0.9999963370074541 1.050010068090786
67306 0.9999962490731479 1.060001036638765
68253 0.9999959159590784 1.070000064324362
69190 0.9999957713702549 1.080002585647353
70122 0.9999960903052002 1.090009696439584
71058 0.9999961842566406 1.100006361179809
71994 0.9999961900242202 1.109999366583609
72926 0.9999960783852765 1.120002443810764
73865 0.9999961726455148 1.130004667446902
74810 0.9999962716626882 1.14000917917448
75761 0.9999957197974758 1.150003834545056
76707 0.9999962118676293 1.16000835456068
77651 0.9999963505200791 1.170002207739059
78594 0.9999962795135628 1.180008740178716
79587 0.9999960851778251 1.190004443046168
80522 0.9999976291097111 1.200005217759726
81445 0.9999979150799536 1.210009129881841
82363 0.9999977119010405 1.220007520868809
83287 0.9999976862078805 1.230001504506234
84211 0.999997165292512 1.240010902873002
85140 0.9999972414339939 1.250002879687769
86098 0.9999975093856099 1.260000737730716
87100 0.9999972112060134 1.270003686172887
88101 0.9999977069318605 1.28000492825404
89101 0.9999973480648304 1.290005061491889
90101 0.999997405390703 1.300001722509626
91088 0.9999978108864708 1.310007054168072
92083 0.9999965593201487 1.320004163064704
93087 0.9999969187421507 1.33000451541603
94093 0.9999969168334187 1.340006967755318
95102 0.999996887264923 1.350001731682308
96106 0.9999965496217121 1.360005018131854
97111 0.9999966812177777 1.370001400661468
98111 0.9999969171686238 1.380005794284229
99102 0.9999968559984433 1.39000201394521
100103 0.9999965541386394 1.400007541412182
101110 0.9999967092123008 1.410006946750132
102106 0.9999962932106619 1.420003374380564
103111 0.9999963699644392 1.4300043752435
104098 0.9999969098417638 1.440001135899194
105097 0.9999969024657805 1.450001236559297
106103 0.9999967325660751 1.459999946296705
107099 0.9999963783844008 1.470008936356027
108106 0.9999964425936694 1.480001337843333
109113 0.9999967385328813 1.490010262459786
110111 0.9999967258001239 1.5
