"contact-area-rfile"
"Time Step" "contact-area etc.."
("Time Step" "contact-area" "flow-time")
0 2.832830508434526e-05 0
438 5.110859808351197e-05 0.01001139382278043
835 6.740060653278164e-05 0.02003161729825254
1079 7.268853536642433e-05 0.03003142994434237
1254 8.398334967868289e-05 0.04002410411997401
1366 9.738580594749359e-05 0.05001169495371629
1452 0.0001080657344985542 0.0600947169851553
1538 0.0001176945318312156 0.07003713842080596
1625 0.0001261334023414847 0.08008268138105329
1713 0.0001342238566013594 0.0900069710802405
1800 0.0001424172239626593 0.100055130181213
1890 0.0001508840648149192 0.1100540309840924
2023 0.0001591904346623083 0.1200046104958244
2167 0.0001671476354397144 0.1300416583136119
2282 0.0001755369156152887 0.1400841161371898
2378 0.0001838598402887466 0.1499921574534511
2379 0.000183843737093713 0.1500695547132562
2485 0.0001922550698505296 0.1599908045682457
2587 0.0002008162230873926 0.169990727072488
2692 0.0002097413809421923 0.1800752799746851
2799 0.0002192157647210678 0.1900462924798324
2906 0.0002295832332281745 0.2000067483705035
3018 0.0002415010261650173 0.2100028719738425
3127 0.0002516952440523988 0.2200360824893607
3237 0.0002634525586508406 0.2300207831831479
3349 0.0002778363955809208 0.2400449337627004
3459 0.0002941832062408971 0.2500642373359752
3580 0.0003131433971281035 0.260001962934894
3720 0.0003348474422213299 0.2700405881685407
3872 0.0003580263888199516 0.2800600638800345
4039 0.0003817948879635838 0.2900329339383532
4215 0.0004057361462936226 0.3000187611731097
4398 0.0004296402943855637 0.3100241992666422
4599 0.0004539633371810532 0.3200152272413604
4856 0.0004792683173008523 0.3299967803063347
5208 0.000504791401790363 0.3400196980571366
5629 0.0005300489588858891 0.3500146459064264
6103 0.0005562654629676445 0.3600040199708292
6587 0.0005813545214367287 0.3700039173342109
7069 0.0006019581028226416 0.3800044753206234
7572 0.0006248976926951943 0.3900035246973885
8054 0.0006443492588242268 0.4000069118623236
8742 0.0005837108307534882 0.4100024990050937
9459 0.0005520473500077486 0.4199995330092604
10130 0.0005422998178266344 0.4300005500352101
10779 0.0005270023362293185 0.4400003385063666
11333 0.0005152573930449014 0.4500025736120635
11889 0.0005235345839234874 0.4600041027546303
12498 0.0005398263385004622 0.470003148996134
13884 0.0005626712687423524 0.4800031663363377
15474 0.0005853247278332836 0.490001002812553
16956 0.0006098782722059386 0.5000028207837345
17875 0.0006302221062749147 0.5100100664965779
18542 0.000630614981090905 0.5200050991307966
19214 0.0006073997563014263 0.530003633134982
19884 0.0005942414496477538 0.5400119929553
20686 0.0006130147727739546 0.5500016902467306
21620 0.0006200395711028429 0.560010440187001
22336 0.0006298716070528433 0.5700039557606219
23020 0.0006462342726362745 0.5800167199132534
23543 0.0006615705873783111 0.5900117272088317
24318 0.0006780120675144626 0.6000184856805245
25040 0.0006761751818787057 0.6100049279615967
25767 0.0006637830770102376 0.6200043758015904
26894 0.0006551414210090195 0.6300042300393258
27834 0.0006527692785566557 0.6399986629852672
28393 0.0006689185717054292 0.6500254134746117
29377 0.0006852402903370215 0.6600026603051828
30145 0.0006975308784215831 0.6699999551371681
30999 0.0007140848999044249 0.6800057590604642
31479 0.0007189670657110604 0.6900195489003106
31805 0.0007189417886857623 0.7000005674161841
32064 0.0007034448618459435 0.7100031459647604
32381 0.0006883810724562631 0.7200048211800049
32926 0.0006606750499070322 0.7300038670398623
33445 0.0006384318968677567 0.7400109781171598
33939 0.0006418538654514036 0.7500020263546324
34426 0.000646006691269 0.7600019936700642
35110 0.0006597857936305994 0.7700110409235057
35707 0.0006624320114275988 0.7800015669902978
36343 0.0006740309447926536 0.7900081699062901
36878 0.0006679245013291867 0.8000100369867026
37414 0.0006466891703257353 0.8100082492517098
37881 0.0006516433655655706 0.8200145355141101
38406 0.0006629584470852957 0.8300107040534065
38921 0.0006797229595492321 0.8400114349557157
39388 0.0006884115512442439 0.8500148170296707
39909 0.000687632075073715 0.8600095904777414
40395 0.0006767726993035321 0.8700198520698241
40867 0.000672282460598543 0.8800107191894549
41407 0.0006754754199084355 0.8900075599854438
41978 0.0006791060488330245 0.9000105733838472
43195 0.0006460110029781351 0.9200055010988876
43839 0.0006300595645373962 0.9300016496183546
44426 0.0006357780797171795 0.940003082546051
45055 0.0006458345882747041 0.9499998342353173
45641 0.0006589534960935747 0.9600057035964794
46229 0.00067352804782216 0.970006191155359
46817 0.0006857349528423519 0.9800123647469229
47404 0.0006987877264355696 0.9900060518337465
48071 0.0007031514984748635 1.000004860845473
48702 0.0006848770385672555 1.010004281753291
49291 0.0006808707748173074 1.020000042678648
49883 0.000672011960730226 1.03001372686622
50619 0.0006674330614601608 1.040013724214235
51225 0.0006757529432867988 1.049998753185315
51952 0.0006861881180957709 1.06001344046322
52557 0.000683814369746691 1.070007609204741
53158 0.0006874805070822251 1.080011120386632
53758 0.0006944781594670347 1.090012597506338
54403 0.0007008884464081756 1.100002471391651
55005 0.0007089333401728811 1.110005578556873
55605 0.0007074562538226151 1.120010904943578
56244 0.0007117610965089842 1.130013700176777
56846 0.0007078573333665889 1.140011357027632
57448 0.0007218612122349891 1.150009852922712
58050 0.0007411943293466875 1.160006118262735
58653 0.0007526742543849691 1.170005941639094
59277 0.0007234690118461406 1.179998393314028
59904 0.0007033750897581391 1.190008880935091
60506 0.0007134728103327169 1.200006724633792
61153 0.0007137269400883033 1.210003675474552
61763 0.0006976690949975529 1.220009998557751
62408 0.0006853990633789114 1.230012963020119
63185 0.0006818364214714744 1.240006915384373
63835 0.0006721586307348216 1.250008183829294
64459 0.0006723848523844325 1.260004981796258
65075 0.0006864093510388755 1.270007288055977
65697 0.0007052654566071627 1.280010667400514
66357 0.0007173243819182658 1.290009809781581
67125 0.0007295703331728832 1.300004643284767
67949 0.000721644972614689 1.310012054972572
68557 0.0007129424900632177 1.320004825546364
69164 0.0007125584050613468 1.330006374145547
69918 0.0007190359877517807 1.340014229020894
70684 0.0007222534857171952 1.350011469414218
71392 0.0007195064535635503 1.360006840717843
72016 0.0007177472344461108 1.370010939978959
72770 0.0007249466857575309 1.380010037231276
73380 0.0007266374630135086 1.39000084753295
73991 0.0007279372174063053 1.400010372009431
74602 0.0007169955994333927 1.410011290102708
75212 0.0007027902085842835 1.420015245746894
75832 0.0006968314697318378 1.430004010445173
76472 0.0006958342826020483 1.440006058729037
77085 0.0006990739186000143 1.450009814832607
77719 0.0007076171104740407 1.460005183101577
78329 0.00069663841291245 1.470002474133337
78940 0.0006863983837004277 1.48001112489373
79601 0.0006854427852940352 1.490002358920322
80306 0.0006729511653874163 1.5
