"contact-area-rfile"
"Time Step" "contact-area etc.."
("Time Step" "contact-area" "flow-time")
0 3.133294104424039e-05 0
374 7.401437430433395e-05 0.01001039663688442
539 9.232031025690399e-05 0.02000679227039525
663 0.000116148111560966 0.03003523663367963
751 0.0001359799850675134 0.04003753958277329
843 0.0001537264666998983 0.05006239327548147
966 0.0001722251306554924 0.06002817169029516
1093 0.0001897639126209209 0.07001333249005921
1232 0.0002073700622578451 0.08006240179023731
1335 0.0002240397674287888 0.09001806545757791
1442 0.0002416572236854536 0.1000281070002362
1547 0.0002591678144997722 0.1100181203333718
1654 0.0002774805475395183 0.1200546296865612
1762 0.0002971457768419547 0.1300576335256745
1869 0.0003172685945871828 0.1400491265728835
1976 0.0003383761250513949 0.1500431504160774
2084 0.0003602588002832327 0.1600644063448507
2193 0.0003836873974213871 0.1700503765852253
2302 0.0004087730378156145 0.1800667126247608
2408 0.0004356351946707304 0.1900315631665047
2529 0.0004660542640538606 0.2000463210863185
2670 0.0005048671024260244 0.2100428487739872
2829 0.0005381640147257053 0.2200037947514485
2997 0.0005742259765925485 0.2300130128938062
3168 0.0006155240721942505 0.240019379727504
3338 0.000655770507970038 0.2500430564274285
3504 0.0006917464098263764 0.2600345170232912
3662 0.0007281238833798003 0.2700492726759074
3822 0.0007683975184435885 0.2800126510015913
4077 0.0008097792056397926 0.2900089884465444
4319 0.0008521350399280348 0.3000407710899186
4645 0.0008770012113457295 0.3100260866347476
4969 0.0008745695059060859 0.3200346170312678
5240 0.0008189173543003089 0.3300114411728105
5676 0.0007553992450696234 0.3400167347091744
6379 0.0007403648707120488 0.3500102497868079
7046 0.0007383432815138669 0.3600045326776695
7723 0.0007429222266786052 0.3700075841016111
8682 0.0007256759900373612 0.3800135310635546
9463 0.0006995943316749434 0.3900000693027713
10019 0.0006917304593186263 0.3999998856633343
10497 0.0006976808316769221 0.4100177720796841
10950 0.0007093800570413149 0.4200144677178004
11484 0.000726029306827319 0.4300056896508122
11926 0.0007445535451743237 0.4400011417553649
12351 0.0007644242271510691 0.4500104481092801
12801 0.0007856390967788613 0.4600002840869558
13236 0.0008087642075102288 0.4700011960955793
13742 0.0008349015806443142 0.480008437447311
14273 0.0008633882688839075 0.4900122188297827
14797 0.0008929079620844151 0.5000006202172386
15328 0.0009241048911149928 0.5100042888509854
15855 0.0009578385669067384 0.5200010240291076
16377 0.0009916752965302741 0.5300030092030609
16904 0.001024438403642154 0.5400145417965743
17357 0.00101114029950774 0.5500153066662069
17792 0.0009554590169441851 0.5599993529846328
18226 0.0009431044047383717 0.5700018120528884
18679 0.0009472616099328132 0.5800081023014899
19110 0.0009552932707071987 0.5900025161497006
19524 0.0009641670919246846 0.6000099248464723
19940 0.0009735323833697378 0.6100261963234196
20593 0.0009662910845939409 0.6200110649398963
21495 0.0009605041955584108 0.6300017511695379
22513 0.0009601130887237896 0.6400045044181265
22956 0.0009502655941418423 0.6500021713433468
23413 0.0009624946275291642 0.6600138722425098
24057 0.0009761225903133846 0.6700007262932336
24909 0.0009702092590215405 0.6800136836226716
25960 0.000950337350049806 0.6900055057579164
26983 0.0009402413318842554 0.7000020861283486
27961 0.0009325782077695163 0.7100010197569397
28843 0.0009373106487803884 0.7199987763018718
29678 0.0009467092263388589 0.7300067291956598
30453 0.0009331902662900678 0.7400123870659067
31078 0.0008857377385650222 0.7500063763251907
31880 0.0008468743184092295 0.7600049618185437
32539 0.0008492290887722394 0.7700055884135467
33389 0.0008584206967953905 0.7800095495482495
34070 0.0008580521797551552 0.7899990096812046
34726 0.0008722461411925612 0.8000119772975882
35359 0.000878986964045365 0.8100031215303231
36417 0.000869169065529557 0.8200103808334277
37336 0.0008664639748033344 0.8300064404205179
37915 0.0008807775051531784 0.8400085690355061
38513 0.0008800577106493542 0.8500011988801539
39046 0.000870800169659199 0.8599972840810677
39676 0.0008698317588209329 0.8700102085061533
40324 0.0008568902842973 0.8799995756786849
40812 0.0008467654196672371 0.8900190402457719
41286 0.0008472791390803903 0.9000145680445232
41768 0.0008473402277811416 0.9100090778523503
42238 0.0008516324639349353 0.9200052292952309
42665 0.0008515173182302292 0.9300034377248659
43161 0.000845877324166501 0.9400176092058944
43667 0.0008495090032645457 0.9500026897973026
44128 0.0008450515368255025 0.9600097101390104
44604 0.0008427455854835705 0.96999952327749
45107 0.0008399254905671436 0.9800039620508341
45579 0.0008368519296040402 0.9900054826260064
46074 0.0008362580500766336 1.00001515182546
46537 0.0008341070153296072 1.010002014398431
46966 0.0008328753093139145 1.019998329779812
47421 0.0008330167565197002 1.030014450850843
47901 0.000833121428703952 1.040003504189764
48340 0.0008374451867196751 1.050001338410588
48832 0.0008320150147518373 1.06000871503886
49356 0.0008281582716032773 1.070008633301809
49793 0.0008273380820078001 1.080012215057005
50334 0.0008275276389759297 1.090013675307209
50776 0.0008251112037190528 1.10000073577401
51216 0.0008259204375237279 1.109998840223237
51671 0.0008269904971327563 1.120013616690997
52146 0.0008263324952013164 1.130014830936457
52664 0.0008279560265767893 1.140015794191279
53122 0.0008246559279095793 1.1500187668114
53600 0.0008239445186323587 1.1600106680474
54077 0.0008243477777899037 1.170012518547312
54560 0.0008234272918448864 1.180004762030467
55032 0.0008229303890413858 1.190001287517503
55497 0.0008232495883543225 1.199999928623275
55961 0.0008246648214683347 1.210008843783559
56422 0.0008276724730889441 1.220002994569628
56875 0.00082850138446167 1.229999966555365
57346 0.0008302621734450305 1.240003004863634
57832 0.0008276655380795007 1.250013627239184
58307 0.0008244529118361412 1.260013435300546
58784 0.0008247404715777658 1.270003202467869
59265 0.000823559425381182 1.280003671935727
59742 0.0008239400567873981 1.290003968314785
60220 0.0008246019542475863 1.300007918480812
60688 0.0008255753659657491 1.310016606214244
61169 0.0008283856440368582 1.320001971647953
61664 0.0008303086665247829 1.330012810979069
62156 0.0008354056534497635 1.340000331633222
62642 0.0008288291397071513 1.350014059940373
63126 0.0008264254450002032 1.360008237686198
63617 0.0008250697844199909 1.370002229266181
64098 0.0008233327566283433 1.380015637975473
64585 0.0008215955729285705 1.390008487875277
65068 0.0008219249467093338 1.400020594636828
65547 0.0008230121428623378 1.410009971050458
66032 0.0008235384834124123 1.42001371707849
66525 0.0008236148776187413 1.430004190494904
67010 0.0008240864891397968 1.44001139175821
67495 0.0008236114664504684 1.450005159189289
67978 0.000824200587028043 1.460009698809266
68472 0.0008253051960605446 1.470001716467119
68959 0.0008251058898567191 1.480006875452297
69447 0.0008249514122397093 1.490000299156502
69927 0.0008250940927399022 1.5
