"contact-area-rfile"
"Time Step" "contact-area etc.."
("Time Step" "contact-area" "flow-time")
0 3.232817784329922e-05 0
328 8.151655704355252e-05 0.01002188559015542
494 0.0001043595193321607 0.01999724217864094
610 0.0001326114320577752 0.03006357603009663
701 0.0001542367803018624 0.04004082525879456
801 0.0001772930734696982 0.05001751955657763
916 0.00019884229450459 0.06005077397674669
1019 0.0002202053378894938 0.07003847424683902
1129 0.0002422057011439686 0.08009257815613734
1229 0.0002636825574979487 0.09006356670194077
1335 0.0002851814360890452 0.1000447446448072
1442 0.0003081951496471393 0.1100444929440327
1553 0.0003319628132209634 0.1200353633830904
1663 0.0003575198404870099 0.1300046704062105
1772 0.0003847894018717115 0.1400469082596621
1881 0.0004139796169110392 0.1500740649759858
1988 0.0004587352635878559 0.1599977975360151
2111 0.0004937012683161469 0.1700211573104328
2224 0.0005326985562396978 0.1799970012613895
2368 0.000557544055149702 0.190054037244744
2494 0.0005942923750372062 0.2000254627560763
2644 0.00064016066302688 0.2100381012297035
2803 0.0006854129351649311 0.220042334229528
2956 0.0007263883275626588 0.2300211515937263
3150 0.0007576073439420869 0.2400373953500614
3535 0.0007665321940489641 0.2500024690025768
3971 0.0007827239078402649 0.2600007416446498
4176 0.0008065174864077407 0.26999684098543
4347 0.0008267963825317635 0.2800163341895653
4545 0.0008637930709819326 0.2899997552728128
4874 0.0008744514957459481 0.3000426150572327
5082 0.0008151747363146849 0.3100085242656327
5352 0.000759470597400723 0.3200012406991729
5669 0.0007396726320809467 0.330020692626511
6085 0.0007365295941035813 0.3400054095063891
6558 0.000740141772754428 0.3500059657135977
7016 0.0007468067211482987 0.3600117511558076
7479 0.0007569435448033617 0.3700182690956711
7936 0.0007697149098685476 0.3800172220426238
8393 0.0007812068028404904 0.3899991103850234
8863 0.0007900519911611995 0.4000177112771468
9336 0.000801932225647963 0.4099985779439822
9811 0.0008080625887325627 0.4200166827767505
10278 0.0008129025376565024 0.4300077211408044
10751 0.0008148962888608201 0.4400093769622796
11216 0.0008103940633216441 0.4500034886944234
11675 0.0007952290450096921 0.4600123130986987
12129 0.0007766549359193601 0.4700017844263788
12575 0.0007754946402791722 0.48000243318047
13018 0.0007936532451577522 0.4900102600767757
13462 0.0008096155490828446 0.5000018812040623
13914 0.0008334282243172022 0.5100022683741082
14364 0.000832227601344929 0.5200060073962716
14819 0.0008032861631312639 0.5300194679229742
15281 0.0007702115585170496 0.5400129893670749
15742 0.0007485851650923944 0.5500030054112208
16207 0.0007428662650603511 0.5600039816317215
16685 0.0007466199347803741 0.5700052961341049
17163 0.0007570782491708266 0.5800104268291586
17637 0.0007727587290149917 0.5900113925285564
18107 0.0007938582251853445 0.6000050850915359
18573 0.0008183685961818864 0.6100105211747872
19043 0.0008447988138093868 0.6200024903416821
19516 0.0008727091655242555 0.6300017260665235
19981 0.0008552635620271388 0.6400033251147961
20450 0.0008431696986324168 0.6500142328323475
20921 0.0008449378771992886 0.6599982175759009
21398 0.0008542294389812951 0.6700168862909643
21870 0.0008715138857978553 0.6800130673352599
22343 0.0008827880327995424 0.6900052360669017
22819 0.0008940998083648658 0.7000121820195999
23290 0.0009057816386771013 0.7100027713346793
23755 0.0009223386360003284 0.7200117881785039
24223 0.0009350426475071513 0.7300059832648247
24689 0.0009516979725325308 0.7400035968327902
25356 0.0009065483967737938 0.7500159340228838
25963 0.0008421291007768398 0.7600127420608191
26549 0.0008153201848153933 0.7700032829091341
27153 0.0008159855313001008 0.7800031615169043
28188 0.0008261324366401448 0.7900046846332992
29191 0.000828443054406107 0.8000004914533291
30023 0.0008268592721823453 0.8100062345207234
30900 0.0008368237987289377 0.8200090151262028
31559 0.0008168745733312494 0.830003784926535
32416 0.0008166288072016918 0.8399996260121481
33193 0.000832310000314296 0.8500098839459466
33865 0.0008526214783750478 0.8599998356211119
34388 0.0008711912277986511 0.8700118787725765
34844 0.0008802779615071493 0.8800136663101614
35302 0.0008853238483799498 0.8900031889129023
35779 0.0008935652920376022 0.9000058212976705
36229 0.000912476267936771 0.9100030406044859
36703 0.0009268283000565876 0.9200063179989011
37171 0.0009470877339992773 0.9300163058688701
37627 0.0009737989093171269 0.9400156109540297
38085 0.0009995657050544289 0.9500181657452242
38537 0.001018999687909897 0.9600078764377925
39188 0.0009901420768156795 0.9700046832850779
39851 0.0009422087680767004 0.9800189816682019
40491 0.0008853010568394047 0.9900078211653427
41202 0.0008637567075360916 1.000013468865451
41857 0.0008556952311401493 1.010001843839615
42403 0.0008575014596319464 1.019998217965017
42404 0.0008575085329450552 1.020013849624745
43633 0.0008739366857353919 1.039998691920802
44512 0.0008886504234640875 1.050006575465104
45164 0.0009056091478726079 1.06001121044183
46010 0.0009033003668467159 1.07000488990378
46781 0.0008678992899997752 1.080004822514493
47627 0.0008530119733740978 1.089998783519964
48338 0.0008591134725728629 1.100003522576135
48961 0.0008690929137556902 1.110005661223961
49480 0.0008767155571766606 1.120005907144699
49998 0.0008923526830148953 1.130007953359327
50569 0.0009143062308108018 1.140001422312773
51247 0.0009368323926930702 1.150017957544351
51769 0.0009450939798164851 1.16001991225508
52238 0.000954993994812001 1.170016855968674
52701 0.0009719365641490151 1.180019138723093
53206 0.0009998669421856193 1.19000633885385
53718 0.001033587254370462 1.200015301222326
54237 0.001043891950244319 1.210013623372211
54956 0.0009484839406544104 1.220000265651383
55868 0.0009096233083852494 1.230014696159674
56341 0.0009061715215436237 1.240012140987492
56855 0.0009098832096233846 1.250018395505457
57342 0.0009137998645965704 1.260012612602508
57841 0.0009098534066209851 1.27001208447417
58333 0.0009126742337274107 1.2800148373726
58811 0.0009107701682735513 1.290006666924197
59282 0.0009073501385913949 1.300007984727207
59755 0.0009053333280904343 1.30999870432086
60227 0.0009091418455752224 1.319997796703308
60698 0.0009099081576689938 1.32999818352965
61163 0.0009104577140437793 1.340005448644221
61637 0.0009156691151781503 1.350004972762606
62103 0.0009171132403318235 1.360008306811027
62575 0.000914280342743413 1.3700116605056
63047 0.0009157411198878716 1.380000779498629
63521 0.0009142643533049041 1.390012774221621
63983 0.00091154485340334 1.400018147371987
64442 0.0009085580996931336 1.410001720516497
64905 0.0009072636015934187 1.419998184100955
65372 0.0009056826057418644 1.430017858017739
65840 0.0009057246812461577 1.440008543538939
66309 0.0009047063801747037 1.450000973042342
66778 0.000902473805493083 1.460005081302965
67252 0.000901827159639595 1.470008931710787
67725 0.0008996446951088364 1.480012816064354
68200 0.0009000360993074646 1.489998001046817
68675 0.0008982380129448277 1.5
