"v-frac-water-rfile"
"Time Step" "v-frac-water etc.."
("Time Step" "v-frac-water" "flow-time")
0 0 0
334 0.02639699258837817 0.01001243066054947
500 0.03030645480354269 0.02004851180672367
609 0.03774828163156402 0.02998849902133747
710 0.04716880587468031 0.04001705551744093
809 0.05553877779647301 0.04999702038995413
924 0.06366607867575941 0.0600175226281895
1032 0.07198955407956979 0.0700442242555077
1252 0.08017414060817622 0.07999866328125715
1571 0.08857649716088971 0.09001433697257982
1945 0.09690701827701458 0.1000218849016547
2369 0.1056664203295049 0.1100099239583477
2841 0.1148533125734534 0.1200005027356528
3372 0.1249481129373217 0.1300112802283208
3928 0.1356058748621284 0.1400080779405126
4495 0.1469495113735308 0.1500003695417733
5078 0.1594748764910442 0.1600083361227526
5663 0.1722515041902248 0.1700023681725034
6249 0.1851928384810434 0.1800010831044282
6836 0.1983905585392564 0.190001974639705
7424 0.2126030564146913 0.2000091102791788
8013 0.2269501023975379 0.2100006056341451
8604 0.2386357192579867 0.2200034287739078
9195 0.2447239133643191 0.2300085242216288
9781 0.2422695399059863 0.2400150886922727
10365 0.2327218126808648 0.2500057706700739
11375 0.2389752359433116 0.2600003499316784
12079 0.2524993491909481 0.2700040010307177
12690 0.2640106683975355 0.2800094951870868
13386 0.2640776644371702 0.290006363505586
13990 0.2418437905380398 0.3000030307342726
14598 0.2281119777600595 0.3100068864308796
15208 0.2235844025055134 0.320013391895998
15817 0.222479207237561 0.3300005071748933
16423 0.2221691074861243 0.3400040011950672
17032 0.2227802316472267 0.3500110668932009
17641 0.2235979960586165 0.3600071359176351
18253 0.2247611224465562 0.3700089657372864
18865 0.2262983898813857 0.3800061092538538
19479 0.2279332172251274 0.3899989329219051
20095 0.2293733912012458 0.4000012145752345
20712 0.2309135924960888 0.4100002887437848
21331 0.2321206857990146 0.420004420962575
21951 0.232996810176692 0.4300126792505424
22572 0.2338996812240672 0.4400072371308286
23195 0.2347696859771498 0.4500011837194724
23820 0.2354057813086158 0.460004043104934
24446 0.2359928358991053 0.4700037763321445
25075 0.2364454712687445 0.4800114061393874
25705 0.2367829456851144 0.4900081156785466
26337 0.2366340505720209 0.5000026751560442
26972 0.236422040987976 0.510012940018134
27608 0.2362332281384807 0.5200035219211562
28247 0.2356319250413916 0.5300076208944567
28887 0.234479507632412 0.5399985119661532
29530 0.2333491841607812 0.5500062189853751
30173 0.2321158582282385 0.5599986440503002
30819 0.2309386851368108 0.5700108538382622
31465 0.2301190912619212 0.5800000423867193
32114 0.2291865149224325 0.5900094244037215
32764 0.2286759937933669 0.6000114406874558
33416 0.2288808868682595 0.6100088600299094
34071 0.2293753040946357 0.6200121090129656
34728 0.2300474253017588 0.6300026509055012
35389 0.2313208361571713 0.6400034145600615
36049 0.2324088648008663 0.6500116015372481
36705 0.2338021724549886 0.6600052705054623
37362 0.2351632471699559 0.6700016230101254
38017 0.2364032992817851 0.6800115797963601
38674 0.2376962131996816 0.690009728801617
39329 0.2383966992783162 0.7000068085455957
39990 0.2387066613881717 0.7099985674603571
39991 0.2387074327583434 0.7100117350604752
40652 0.2391148569821392 0.7200078065783109
41316 0.2397805923972077 0.7300025306880205
41979 0.2403501664121473 0.7400124127489168
42641 0.2400515579963388 0.7500015375293844
43303 0.2386864719077011 0.7599996791609285
43960 0.2371482900403941 0.7700034036920982
44623 0.2356180310959855 0.7800031230441478
45280 0.2338553772757924 0.7900056054090058
45932 0.2318454641667048 0.7999995307784735
46586 0.2304183744416372 0.8100120839566782
47238 0.2295335175007244 0.8200054193024514
47890 0.2293851798908977 0.8300011670254538
48544 0.2297226386965137 0.840002316433712
49197 0.2301443834643735 0.8500119419522769
49851 0.2315299225427323 0.8600140204275883
50504 0.2325361209143897 0.8700037502587511
51157 0.2336922442304809 0.8800097169637584
51809 0.2346319287367457 0.8900026740977296
52462 0.2356504306913376 0.900010156862825
53115 0.2367449824107908 0.9100080431716345
53767 0.2377775063035764 0.9199985646201669
53768 0.2377765170213634 0.9200118942402523
54421 0.2383101740397513 0.9300057107609989
55074 0.2389654399184807 0.9400023399879669
55727 0.2395853023184378 0.9500075494103635
56383 0.2392901491062843 0.9600069374149596
57036 0.2383074503214749 0.9700017521872317
57689 0.2371497440226718 0.9800130290621498
58342 0.2359241836129188 0.9900062354538672
58995 0.2343036481458734 1.000009539623591
59649 0.232552412581166 1.010004853429275
60302 0.2312286288036888 1.020001556219711
60957 0.2300901797658318 1.030004387859666
61610 0.2294003155832686 1.040010209772652
62262 0.2294616362909535 1.050005350292743
62916 0.2296612668756653 1.060014938044261
63568 0.2302016449435486 1.070007142726275
64221 0.2307851838399921 1.080005898729362
64873 0.2318758854966016 1.090001885137353
65526 0.2332732494270767 1.100008582621535
66178 0.2347205509604254 1.110001114591173
66833 0.2362899641482124 1.120004588234611
67486 0.237802803162869 1.130012194174645
68138 0.2387915909515514 1.14000019701949
68791 0.2391408660140318 1.150006296857917
69444 0.2388830167606077 1.160010127126211
70097 0.2385486946394282 1.170007938659149
70750 0.2382596395851235 1.180003959143839
71402 0.2381987238114563 1.189999621231494
72058 0.2373842015029074 1.20001009393832
72711 0.2359763008066041 1.210014072399122
73363 0.2346511880954237 1.220012344913105
74017 0.2335558566136649 1.230005565301352
74670 0.2321354773750891 1.240014244119736
75325 0.2310217319495001 1.250008510408762
75977 0.22992909927736 1.260002617422086
76630 0.2294683046173251 1.270005208410089
77284 0.2297062109527259 1.280012318551443
77936 0.2302474011500308 1.290009028741031
78590 0.2313842056777831 1.300002945860954
79244 0.2328093038664634 1.310007138200049
79897 0.2345077527871703 1.320007854396622
80552 0.2358310775465023 1.330005925591434
81205 0.2371261130101087 1.34001216118158
81859 0.2377088245583783 1.350002376925638
82512 0.2379872402784039 1.360005393862242
83165 0.2387607577533279 1.370012000667574
83818 0.2399038680246084 1.380002603343622
84472 0.240542429867039 1.390006711004901
85125 0.2404795047818732 1.400006713719012
85778 0.2395097639355631 1.410000003085109
86432 0.2381740174995791 1.420004241472855
87088 0.2369078779728201 1.430006705692415
87740 0.2350564524003965 1.439998948090976
88393 0.2329060583056211 1.450005746000251
89046 0.2312048288924619 1.46000852735714
89699 0.2299539318824859 1.469998647860957
90354 0.2298012735151251 1.48000206556323
91007 0.2303028462570702 1.489998598910097
91660 0.2310550561971036 1.5
