"contact-area-rfile"
"Time Step" "contact-area etc.."
("Time Step" "contact-area" "flow-time")
0 3.381449801429161e-05 0
326 9.596839659407988e-05 0.01002249874781816
474 0.0001269711898152794 0.02003915542004751
585 0.0001576832835481851 0.03005523863380391
694 0.0001896993489074211 0.04002554016035885
809 0.0002200219208755624 0.05005834316689448
922 0.0002487716404872878 0.06000420882987826
1026 0.0002803516576014943 0.07006890691946872
1126 0.0003130054310062479 0.08001387884607898
1226 0.0003475680306339427 0.09005466347837697
1329 0.0003878097087482383 0.1000590959639775
1437 0.0004633462026852494 0.1100885135208923
1566 0.0005184051850133004 0.1199953635652333
1823 0.0005606533840571574 0.1300180002950521
2077 0.000599168694597404 0.1400486089846233
2280 0.0006516558872006223 0.1499972518639345
2553 0.0007141223603981081 0.1600084334046479
2747 0.0007945030950945496 0.1700277875469417
2991 0.0008814800054839679 0.1799985818158859
3305 0.0009702210217776247 0.1900074595232604
3628 0.001048764794796496 0.2000272090903217
4293 0.001181878760567154 0.2199974231012441
4810 0.001224416495601209 0.2300008965988851
5342 0.00125374779287235 0.2400101895771876
5909 0.001286706588842523 0.2500056667709748
6515 0.001350099297550999 0.2600097151513808
7192 0.001368563562637689 0.2700054353815522
7825 0.001278315625449347 0.2800009832355945
8494 0.001229257791453046 0.2899989993978517
9293 0.001215995555758886 0.3000003545637476
10162 0.001215928601549408 0.3099999868685284
11170 0.00122170691434589 0.3200076900273247
12191 0.001229490528290142 0.3300017338496356
13254 0.001237346152641853 0.3400025544282224
13957 0.001244923166707982 0.3500047551142963
14607 0.001250259863038168 0.3599985271321198
15245 0.001252908151856667 0.3700130595891222
15891 0.001253402770654397 0.3800020134170286
16547 0.001254672831254733 0.390007446618187
17191 0.001253393937929286 0.4000056521748867
17861 0.001255170924930708 0.4100083191728369
18615 0.001254546042648922 0.420005702782919
19472 0.001253083387000872 0.4300110634919827
20341 0.001252661271858536 0.4400075583724758
21202 0.00125381871612432 0.4500024132097883
22078 0.00125825478865559 0.4600077293143877
22952 0.001258067637937166 0.4699992282399926
23872 0.001261984755023148 0.4800065425903874
24803 0.00126569741186102 0.4900005096357873
25730 0.001270842289507856 0.5000004211488416
26728 0.001273318444437451 0.5100049801402251
27734 0.001277162032415797 0.5200062359464611
28747 0.001280819493283177 0.5300000843272283
29757 0.001285072371908066 0.5400039750272032
30766 0.001289923072449606 0.5500018586324493
31778 0.001295939089104274 0.5600054059182025
32792 0.001300483869522569 0.5700062635738437
33809 0.001307696791632926 0.5800068271641096
34834 0.001310397467893868 0.5900018704393118
35903 0.001316288719446946 0.6000022679136207
36992 0.001323846290858018 0.6100040653294818
38068 0.001327608076520328 0.6200010432520926
39131 0.001331158312215346 0.6300031963752907
40194 0.001334642766302733 0.6400056980170403
41259 0.00133814614664277 0.6499998133314225
42338 0.001339695142235119 0.659999265130381
43419 0.001342709677986356 0.6700055821776592
44504 0.001345021720523447 0.6799994355520341
45596 0.001347151360149689 0.6900037086413155
46684 0.001351141036767133 0.7000029770847791
47776 0.001348882860764279 0.710002141123535
48865 0.001350991452689011 0.7200048288278323
49958 0.001352273003032248 0.7300016010603235
51055 0.00135278385401321 0.7400027129893678
52154 0.001352147182065724 0.7500038878028426
53250 0.001351759235072399 0.7600021127487531
54346 0.00135285459620179 0.770000843298828
55444 0.001352794635826757 0.7800002834404254
56582 0.001355689955974465 0.790006341329254
57719 0.001355718266969093 0.8000022723596009
58868 0.001355453671629259 0.8100028401457762
60017 0.00135444859036231 0.8200062535498724
61188 0.001353072373156857 0.8300028314975125
62363 0.001352912817603768 0.840005947494889
63542 0.001352724326665013 0.8500043491636444
64697 0.001354125457778434 0.860004184960853
65852 0.001353726968444397 0.8700049002028258
67011 0.001352586101058199 0.8800065226660507
68174 0.001351553724571524 0.8900012920715686
69332 0.00134956879485377 0.900004637002165
70521 0.001348340583278627 0.9100011067143747
71700 0.001349474911048932 0.9200022056262441
72923 0.00134921208218475 0.9300061769183211
74147 0.001351058425072814 0.9400065749737682
75378 0.001352655136502119 0.949999228161545
75379 0.001352623284076199 0.9500068218264037
76612 0.001355269240906421 0.9599998876839346
77848 0.001359496765179409 0.9700048381775719
79074 0.001360175084076459 0.9800015717641876
80300 0.001362245242915036 0.9900048396886338
81529 0.00136432407587563 1.000004369241598
82760 0.00136524510257065 1.010006294433231
83994 0.001368305619541195 1.020004983006614
85231 0.001370700919298475 1.030001266088156
86463 0.001372975242755787 1.039999880470471
87690 0.001373144966763037 1.050005878818491
88909 0.00137468652589844 1.060004484352281
90130 0.001376365826317805 1.070002576255733
91335 0.001375561440601299 1.080002678045316
92553 0.001373150665170007 1.090001590893499
93774 0.001371945089271421 1.100002935159451
94972 0.001372010865593418 1.110006863815118
96166 0.001368677195625146 1.120002138915726
97374 0.001366804350595949 1.130005126185986
98574 0.001363618972847977 1.140004350734031
99764 0.001362263162204324 1.150002533737467
100958 0.001359319437626567 1.160003256180811
102152 0.001357384028886228 1.169999604869543
103353 0.001355945930607929 1.179999391593599
104556 0.001356645295429357 1.190003412052458
105747 0.001354881915551074 1.200008079656754
106937 0.001355304590820235 1.210006936075812
108134 0.001353999346002878 1.220002208877108
109331 0.001352533449918068 1.230008394497621
110523 0.00135256386242834 1.240003272021235
111723 0.001353024530585123 1.250004463570754
112914 0.001351379876353723 1.260003956769946
114109 0.001351584471976677 1.270006254832504
115305 0.001352871469756259 1.280004278244608
116494 0.001354408388732095 1.290001659574
117673 0.001354217510177167 1.300001732851804
118856 0.001355000467758641 1.31000234772664
120042 0.001355962161045547 1.32000161913808
121212 0.001355851300859757 1.330003116605994
122379 0.001355013482164944 1.339999351214452
123541 0.001355516137553805 1.350004861899736
124710 0.001355562422596082 1.360001742890923
125870 0.001354603105898397 1.370005274625692
127033 0.001353186413122495 1.380001940713008
128215 0.001353767445123926 1.390005300155442
129380 0.001354862101898421 1.400001092202359
130526 0.001354620412801409 1.410004139920545
131620 0.001355024629844497 1.420007092614555
132706 0.001356489775688755 1.43000337891659
133803 0.001357222413282687 1.4400028595927
134873 0.001359504715843033 1.450003184797227
135936 0.001360367734787897 1.460007281845406
137013 0.001361359938294357 1.469999446454199
138104 0.001361698896547696 1.480002955718297
139192 0.001362804278103039 1.490004373297339
140308 0.001364206073176178 1.5
